<?xml version="1.0" encoding="UTF-8" ?>
<testsuite tests="15" failures="1" name="validationFormationTest" time="0.24" errors="0" skipped="0">
  <properties>
    <property name="java.runtime.name" value="OpenJDK Runtime Environment"/>
    <property name="java.vm.version" value="11.0.12+7-Ubuntu-0ubuntu3"/>
    <property name="sun.boot.library.path" value="/usr/lib/jvm/java-11-openjdk-amd64/lib"/>
    <property name="maven.multiModuleProjectDirectory" value="/home/jules/code/java/validaton_ordre"/>
    <property name="java.vm.vendor" value="Ubuntu"/>
    <property name="java.vendor.url" value="https://ubuntu.com/"/>
    <property name="guice.disable.misplaced.annotation.check" value="true"/>
    <property name="path.separator" value=":"/>
    <property name="java.vm.name" value="OpenJDK 64-Bit Server VM"/>
    <property name="sun.os.patch.level" value="unknown"/>
    <property name="user.country" value="CA"/>
    <property name="sun.java.launcher" value="SUN_STANDARD"/>
    <property name="java.vm.specification.name" value="Java Virtual Machine Specification"/>
    <property name="user.dir" value="/home/jules/code/java/validaton_ordre"/>
    <property name="java.vm.compressedOopsMode" value="32-bit"/>
    <property name="java.runtime.version" value="11.0.12+7-Ubuntu-0ubuntu3"/>
    <property name="java.awt.graphicsenv" value="sun.awt.X11GraphicsEnvironment"/>
    <property name="os.arch" value="amd64"/>
    <property name="java.io.tmpdir" value="/tmp"/>
    <property name="line.separator" value="
"/>
    <property name="java.vm.specification.vendor" value="Oracle Corporation"/>
    <property name="os.name" value="Linux"/>
    <property name="classworlds.conf" value="/usr/share/maven/bin/m2.conf"/>
    <property name="sun.jnu.encoding" value="UTF-8"/>
    <property name="java.library.path" value="/usr/java/packages/lib:/usr/lib/x86_64-linux-gnu/jni:/lib/x86_64-linux-gnu:/usr/lib/x86_64-linux-gnu:/usr/lib/jni:/lib:/usr/lib"/>
    <property name="maven.conf" value="/usr/share/maven/conf"/>
    <property name="jdk.debug" value="release"/>
    <property name="java.class.version" value="55.0"/>
    <property name="java.specification.name" value="Java Platform API Specification"/>
    <property name="sun.management.compiler" value="HotSpot 64-Bit Tiered Compilers"/>
    <property name="os.version" value="5.13.0-22-generic"/>
    <property name="library.jansi.path" value="/usr/share/maven/lib/jansi-native"/>
    <property name="user.home" value="/home/jules"/>
    <property name="user.timezone" value="America/Toronto"/>
    <property name="java.awt.printerjob" value="sun.print.PSPrinterJob"/>
    <property name="file.encoding" value="UTF-8"/>
    <property name="java.specification.version" value="11"/>
    <property name="user.name" value="jules"/>
    <property name="java.class.path" value="/usr/share/maven/boot/plexus-classworlds-2.x.jar"/>
    <property name="org.slf4j.simpleLogger.defaultLogLevel" value="debug"/>
    <property name="java.vm.specification.version" value="11"/>
    <property name="sun.arch.data.model" value="64"/>
    <property name="sun.java.command" value="org.codehaus.plexus.classworlds.launcher.Launcher -X test"/>
    <property name="java.home" value="/usr/lib/jvm/java-11-openjdk-amd64"/>
    <property name="user.language" value="en"/>
    <property name="java.specification.vendor" value="Oracle Corporation"/>
    <property name="awt.toolkit" value="sun.awt.X11.XToolkit"/>
    <property name="java.vm.info" value="mixed mode, sharing"/>
    <property name="java.version" value="11.0.12"/>
    <property name="java.vendor" value="Ubuntu"/>
    <property name="maven.home" value="/usr/share/maven"/>
    <property name="file.separator" value="/"/>
    <property name="java.version.date" value="2021-07-20"/>
    <property name="java.vendor.url.bug" value="https://bugs.launchpad.net/ubuntu/+source/openjdk-lts"/>
    <property name="sun.io.unicode.encoding" value="UnicodeLittle"/>
    <property name="sun.cpu.endian" value="little"/>
    <property name="sun.cpu.isalist" value=""/>
  </properties>
  <testcase classname="validationFormationTest" name="validationFormationTest.testdateIntervallesInferieureMin" time="0.067"/>
  <testcase classname="validationFormationTest" name="validationFormationTest.testdateIntervallesBonFormat" time="0"/>
  <testcase classname="validationFormationTest" name="validationFormationTest.testdateIntervallesMois" time="0.001"/>
  <testcase classname="validationFormationTest" name="validationFormationTest.testdateIntervallesVrai" time="0.003"/>
  <testcase classname="validationFormationTest" name="validationFormationTest.testdateIntervallesVide" time="0.001"/>
  <testcase classname="validationFormationTest" name="validationFormationTest.testestActivitesValides" time="0.152"/>
  <testcase classname="validationFormationTest" name="validationFormationTest.testestActivitesValidesFaux" time="0"/>
  <testcase classname="validationFormationTest" name="validationFormationTest.testheureCYclePrecedentVraiAutreOrdreFaux" time="0.011">
    <failure message="expected: &lt;false&gt; but was: &lt;true&gt;" type="org.opentest4j.AssertionFailedError">org.opentest4j.AssertionFailedError: expected: &lt;false&gt; but was: &lt;true&gt;
	at org.junit.jupiter.api.AssertionUtils.fail(AssertionUtils.java:55)
	at org.junit.jupiter.api.AssertFalse.assertFalse(AssertFalse.java:40)
	at org.junit.jupiter.api.AssertFalse.assertFalse(AssertFalse.java:35)
	at org.junit.jupiter.api.Assertions.assertFalse(Assertions.java:210)
	at validationFormationTest.testheureCYclePrecedentVraiAutreOrdreFaux(validationFormationTest.java:113)
</failure>
  </testcase>
  <testcase classname="validationFormationTest" name="validationFormationTest.testheureCYclePrecedentVraiAutreOrdre" time="0"/>
  <testcase classname="validationFormationTest" name="validationFormationTest.testheureCYclePrecedentFauxArchitecte" time="0.002"/>
  <testcase classname="validationFormationTest" name="validationFormationTest.testheureCYclePrecedentVraiArchitecte" time="0.002"/>
  <testcase classname="validationFormationTest" name="validationFormationTest.testEst_categorie_valide" time="0"/>
  <testcase classname="validationFormationTest" name="validationFormationTest.testEst_categorie_nonfvalide" time="0"/>
  <testcase classname="validationFormationTest" name="validationFormationTest.testEst_categorie_non_valide_vide" time="0"/>
  <testcase classname="validationFormationTest" name="validationFormationTest.testdateIntervallesDepasseMax" time="0.001"/>
</testsuite>